G:\GIT\UDKOSC\OSCPACK_1_0_2\RELEASE\OSCPACK_1_0_2.DLL
G:\git\udkosc\oscpack_1_0_2\Release\oscpack_1_0_2.exp
G:\git\udkosc\oscpack_1_0_2\Release\oscpack_1_0_2.lib
G:\GIT\UDKOSC\OSCPACK_1_0_2\RELEASE\OSCPACK_1_0_2.PDB
G:\git\udkosc\oscpack_1_0_2\Release\oscpack_1_0_2\cl.command.1.tlog
G:\git\udkosc\oscpack_1_0_2\Release\oscpack_1_0_2\CL.read.1.tlog
G:\git\udkosc\oscpack_1_0_2\Release\oscpack_1_0_2\CL.write.1.tlog
G:\GIT\UDKOSC\OSCPACK_1_0_2\RELEASE\OSCPACK_1_0_2\IPENDPOINTNAME.OBJ
G:\git\udkosc\oscpack_1_0_2\Release\oscpack_1_0_2\link.command.1.tlog
G:\git\udkosc\oscpack_1_0_2\Release\oscpack_1_0_2\link.read.1.tlog
G:\git\udkosc\oscpack_1_0_2\Release\oscpack_1_0_2\link.write.1.tlog
G:\git\udkosc\oscpack_1_0_2\Release\oscpack_1_0_2\link-cvtres.read.1.tlog
G:\git\udkosc\oscpack_1_0_2\Release\oscpack_1_0_2\link-cvtres.write.1.tlog
G:\git\udkosc\oscpack_1_0_2\Release\oscpack_1_0_2\mt.command.1.tlog
G:\git\udkosc\oscpack_1_0_2\Release\oscpack_1_0_2\mt.read.1.tlog
G:\git\udkosc\oscpack_1_0_2\Release\oscpack_1_0_2\mt.write.1.tlog
G:\GIT\UDKOSC\OSCPACK_1_0_2\RELEASE\OSCPACK_1_0_2\NETWORKINGUTILS.OBJ
G:\GIT\UDKOSC\OSCPACK_1_0_2\RELEASE\OSCPACK_1_0_2\OSC.OBJ
G:\GIT\UDKOSC\OSCPACK_1_0_2\RELEASE\OSCPACK_1_0_2\OSCOUTBOUNDPACKETSTREAM.OBJ
G:\GIT\UDKOSC\OSCPACK_1_0_2\RELEASE\OSCPACK_1_0_2\OSCPACK_1_0_2.DLL.EMBED.MANIFEST
G:\GIT\UDKOSC\OSCPACK_1_0_2\RELEASE\OSCPACK_1_0_2\OSCPACK_1_0_2.DLL.EMBED.MANIFEST.RES
G:\GIT\UDKOSC\OSCPACK_1_0_2\RELEASE\OSCPACK_1_0_2\OSCPACK_1_0_2.DLL.INTERMEDIATE.MANIFEST
G:\git\udkosc\oscpack_1_0_2\Release\oscpack_1_0_2\oscpack_1_0_2.write.1.tlog
G:\git\udkosc\oscpack_1_0_2\Release\oscpack_1_0_2\oscpack_1_0_2_manifest.rc
G:\GIT\UDKOSC\OSCPACK_1_0_2\RELEASE\OSCPACK_1_0_2\OSCPRINTRECEIVEDELEMENTS.OBJ
G:\GIT\UDKOSC\OSCPACK_1_0_2\RELEASE\OSCPACK_1_0_2\OSCRECEIVEDELEMENTS.OBJ
G:\GIT\UDKOSC\OSCPACK_1_0_2\RELEASE\OSCPACK_1_0_2\OSCTYPES.OBJ
G:\git\udkosc\oscpack_1_0_2\Release\oscpack_1_0_2\rc.command.1.tlog
G:\git\udkosc\oscpack_1_0_2\Release\oscpack_1_0_2\rc.read.1.tlog
G:\git\udkosc\oscpack_1_0_2\Release\oscpack_1_0_2\rc.write.1.tlog
G:\GIT\UDKOSC\OSCPACK_1_0_2\RELEASE\OSCPACK_1_0_2\STDAFX.OBJ
G:\GIT\UDKOSC\OSCPACK_1_0_2\RELEASE\OSCPACK_1_0_2\UDPSOCKET.OBJ
G:\GIT\UDKOSC\OSCPACK_1_0_2\RELEASE\OSCPACK_1_0_2\VC100.PDB
