C:\Users\Rob\data\github\udkosc\oscpack_1_0_2\Debug\cl.command.1.tlog
C:\Users\Rob\data\github\udkosc\oscpack_1_0_2\Debug\CL.read.1.tlog
C:\Users\Rob\data\github\udkosc\oscpack_1_0_2\Debug\CL.write.1.tlog
C:\USERS\ROB\DATA\GITHUB\UDKOSC\OSCPACK_1_0_2\DEBUG\IPENDPOINTNAME.OBJ
C:\Users\Rob\data\github\udkosc\oscpack_1_0_2\Debug\link.5832.read.1.tlog
C:\Users\Rob\data\github\udkosc\oscpack_1_0_2\Debug\link.5832.write.1.tlog
C:\Users\Rob\data\github\udkosc\oscpack_1_0_2\Debug\link.5832-cvtres.read.1.tlog
C:\Users\Rob\data\github\udkosc\oscpack_1_0_2\Debug\link.5832-cvtres.write.1.tlog
C:\Users\Rob\data\github\udkosc\oscpack_1_0_2\Debug\link.command.1.tlog
C:\Users\Rob\data\github\udkosc\oscpack_1_0_2\Debug\link.read.1.tlog
C:\Users\Rob\data\github\udkosc\oscpack_1_0_2\Debug\link.write.1.tlog
C:\Users\Rob\data\github\udkosc\oscpack_1_0_2\Debug\link-cvtres.read.1.tlog
C:\Users\Rob\data\github\udkosc\oscpack_1_0_2\Debug\link-cvtres.write.1.tlog
C:\Users\Rob\data\github\udkosc\oscpack_1_0_2\Debug\mt.command.1.tlog
C:\Users\Rob\data\github\udkosc\oscpack_1_0_2\Debug\mt.read.1.tlog
C:\Users\Rob\data\github\udkosc\oscpack_1_0_2\Debug\mt.write.1.tlog
C:\USERS\ROB\DATA\GITHUB\UDKOSC\OSCPACK_1_0_2\DEBUG\NETWORKINGUTILS.OBJ
C:\USERS\ROB\DATA\GITHUB\UDKOSC\OSCPACK_1_0_2\DEBUG\OSC.OBJ
C:\USERS\ROB\DATA\GITHUB\UDKOSC\OSCPACK_1_0_2\DEBUG\OSCOUTBOUNDPACKETSTREAM.OBJ
C:\USERS\ROB\DATA\GITHUB\UDKOSC\OSCPACK_1_0_2\DEBUG\OSCPACK_1_0_2.DLL
C:\USERS\ROB\DATA\GITHUB\UDKOSC\OSCPACK_1_0_2\DEBUG\OSCPACK_1_0_2.DLL.EMBED.MANIFEST
C:\USERS\ROB\DATA\GITHUB\UDKOSC\OSCPACK_1_0_2\DEBUG\OSCPACK_1_0_2.DLL.EMBED.MANIFEST.RES
C:\USERS\ROB\DATA\GITHUB\UDKOSC\OSCPACK_1_0_2\DEBUG\OSCPACK_1_0_2.DLL.INTERMEDIATE.MANIFEST
C:\Users\Rob\data\github\udkosc\oscpack_1_0_2\Debug\oscpack_1_0_2.exp
C:\USERS\ROB\DATA\GITHUB\UDKOSC\OSCPACK_1_0_2\DEBUG\OSCPACK_1_0_2.ILK
C:\Users\Rob\data\github\udkosc\oscpack_1_0_2\Debug\oscpack_1_0_2.lib
C:\USERS\ROB\DATA\GITHUB\UDKOSC\OSCPACK_1_0_2\DEBUG\OSCPACK_1_0_2.PDB
C:\Users\Rob\data\github\udkosc\oscpack_1_0_2\Debug\oscpack_1_0_2.write.1.tlog
C:\Users\Rob\data\github\udkosc\oscpack_1_0_2\Debug\oscpack_1_0_2_manifest.rc
C:\USERS\ROB\DATA\GITHUB\UDKOSC\OSCPACK_1_0_2\DEBUG\OSCPRINTRECEIVEDELEMENTS.OBJ
C:\USERS\ROB\DATA\GITHUB\UDKOSC\OSCPACK_1_0_2\DEBUG\OSCRECEIVEDELEMENTS.OBJ
C:\USERS\ROB\DATA\GITHUB\UDKOSC\OSCPACK_1_0_2\DEBUG\OSCTYPES.OBJ
C:\Users\Rob\data\github\udkosc\oscpack_1_0_2\Debug\rc.command.1.tlog
C:\Users\Rob\data\github\udkosc\oscpack_1_0_2\Debug\rc.read.1.tlog
C:\Users\Rob\data\github\udkosc\oscpack_1_0_2\Debug\rc.write.1.tlog
C:\USERS\ROB\DATA\GITHUB\UDKOSC\OSCPACK_1_0_2\DEBUG\STDAFX.OBJ
C:\USERS\ROB\DATA\GITHUB\UDKOSC\OSCPACK_1_0_2\DEBUG\UDPSOCKET.OBJ
C:\Users\Rob\data\github\udkosc\oscpack_1_0_2\Debug\vc100.idb
C:\USERS\ROB\DATA\GITHUB\UDKOSC\OSCPACK_1_0_2\DEBUG\VC100.PDB
