..\..\..\..\..\..\UDK\UDK-2012-07\Binaries\Win32\UserCode\oscpack_1_0_2.ilk
..\..\..\..\..\..\UDK\UDK-2012-07\Binaries\Win32\UserCode\oscpack_1_0_2.pdb
C:\UDK\UDK-2012-07\BINARIES\WIN32\USERCODE\OSCPACK_1_0_2.DLL
C:\UDK\UDK-2012-07\Binaries\Win32\UserCode\oscpack_1_0_2.exp
C:\UDK\UDK-2012-07\BINARIES\WIN32\USERCODE\OSCPACK_1_0_2.ILK
C:\UDK\UDK-2012-07\Binaries\Win32\UserCode\oscpack_1_0_2.lib
C:\UDK\UDK-2012-07\BINARIES\WIN32\USERCODE\OSCPACK_1_0_2.PDB
C:\Users\Rob\data\github\udkosc\oscpack_1_0_2\..\..\..\..\..\..\UDK\UDK-2012-07\Binaries\Win32\UserCode\oscpack_1_0_2.dll
C:\Users\Rob\data\github\udkosc\oscpack_1_0_2\Debug\oscpack_1_0_2\cl.command.1.tlog
C:\Users\Rob\data\github\udkosc\oscpack_1_0_2\Debug\oscpack_1_0_2\CL.read.1.tlog
C:\Users\Rob\data\github\udkosc\oscpack_1_0_2\Debug\oscpack_1_0_2\CL.write.1.tlog
C:\USERS\ROB\DATA\GITHUB\UDKOSC\OSCPACK_1_0_2\DEBUG\OSCPACK_1_0_2\IPENDPOINTNAME.OBJ
C:\Users\Rob\data\github\udkosc\oscpack_1_0_2\Debug\oscpack_1_0_2\link.command.1.tlog
C:\Users\Rob\data\github\udkosc\oscpack_1_0_2\Debug\oscpack_1_0_2\link.read.1.tlog
C:\Users\Rob\data\github\udkosc\oscpack_1_0_2\Debug\oscpack_1_0_2\link.write.1.tlog
C:\Users\Rob\data\github\udkosc\oscpack_1_0_2\Debug\oscpack_1_0_2\link-cvtres.read.1.tlog
C:\Users\Rob\data\github\udkosc\oscpack_1_0_2\Debug\oscpack_1_0_2\link-cvtres.write.1.tlog
C:\Users\Rob\data\github\udkosc\oscpack_1_0_2\Debug\oscpack_1_0_2\mt.command.1.tlog
C:\Users\Rob\data\github\udkosc\oscpack_1_0_2\Debug\oscpack_1_0_2\mt.read.1.tlog
C:\Users\Rob\data\github\udkosc\oscpack_1_0_2\Debug\oscpack_1_0_2\mt.write.1.tlog
C:\USERS\ROB\DATA\GITHUB\UDKOSC\OSCPACK_1_0_2\DEBUG\OSCPACK_1_0_2\NETWORKINGUTILS.OBJ
C:\USERS\ROB\DATA\GITHUB\UDKOSC\OSCPACK_1_0_2\DEBUG\OSCPACK_1_0_2\OSC.OBJ
C:\USERS\ROB\DATA\GITHUB\UDKOSC\OSCPACK_1_0_2\DEBUG\OSCPACK_1_0_2\OSCOUTBOUNDPACKETSTREAM.OBJ
C:\USERS\ROB\DATA\GITHUB\UDKOSC\OSCPACK_1_0_2\DEBUG\OSCPACK_1_0_2\OSCPACK_1_0_2.DLL.EMBED.MANIFEST
C:\USERS\ROB\DATA\GITHUB\UDKOSC\OSCPACK_1_0_2\DEBUG\OSCPACK_1_0_2\OSCPACK_1_0_2.DLL.EMBED.MANIFEST.RES
C:\USERS\ROB\DATA\GITHUB\UDKOSC\OSCPACK_1_0_2\DEBUG\OSCPACK_1_0_2\OSCPACK_1_0_2.DLL.INTERMEDIATE.MANIFEST
C:\Users\Rob\data\github\udkosc\oscpack_1_0_2\Debug\oscpack_1_0_2\oscpack_1_0_2.write.1.tlog
C:\Users\Rob\data\github\udkosc\oscpack_1_0_2\Debug\oscpack_1_0_2\oscpack_1_0_2_manifest.rc
C:\USERS\ROB\DATA\GITHUB\UDKOSC\OSCPACK_1_0_2\DEBUG\OSCPACK_1_0_2\OSCPRINTRECEIVEDELEMENTS.OBJ
C:\USERS\ROB\DATA\GITHUB\UDKOSC\OSCPACK_1_0_2\DEBUG\OSCPACK_1_0_2\OSCRECEIVEDELEMENTS.OBJ
C:\USERS\ROB\DATA\GITHUB\UDKOSC\OSCPACK_1_0_2\DEBUG\OSCPACK_1_0_2\OSCTYPES.OBJ
C:\Users\Rob\data\github\udkosc\oscpack_1_0_2\Debug\oscpack_1_0_2\rc.command.1.tlog
C:\Users\Rob\data\github\udkosc\oscpack_1_0_2\Debug\oscpack_1_0_2\rc.read.1.tlog
C:\Users\Rob\data\github\udkosc\oscpack_1_0_2\Debug\oscpack_1_0_2\rc.write.1.tlog
C:\USERS\ROB\DATA\GITHUB\UDKOSC\OSCPACK_1_0_2\DEBUG\OSCPACK_1_0_2\STDAFX.OBJ
C:\USERS\ROB\DATA\GITHUB\UDKOSC\OSCPACK_1_0_2\DEBUG\OSCPACK_1_0_2\UDPSOCKET.OBJ
C:\Users\Rob\data\github\udkosc\oscpack_1_0_2\Debug\oscpack_1_0_2\vc100.idb
C:\USERS\ROB\DATA\GITHUB\UDKOSC\OSCPACK_1_0_2\DEBUG\OSCPACK_1_0_2\VC100.PDB
