Build started 12/19/2012 3:51:36 PM.
     1>Project "C:\Users\Rob\data\github\udkosc\oscpack_1_0_2\oscpack_1_0_2.vcxproj" on node 2 (build target(s)).
     1>InitializeBuildStatus:
         Creating "Debug\oscpack_1_0_2\oscpack_1_0_2.unsuccessfulbuild" because "AlwaysCreate" was specified.
       ClCompile:
         All outputs are up-to-date.
       ManifestResourceCompile:
         All outputs are up-to-date.
       Link:
         C:\Program Files\Microsoft Visual Studio 10.0\VC\bin\link.exe /ERRORREPORT:PROMPT /OUT:"..\..\..\..\..\..\UDK\UDK-2012-10\Binaries\Win32\UserCode\oscpack_1_0_2.dll" /INCREMENTAL /NOLOGO kernel32.lib user32.lib gdi32.lib winspool.lib comdlg32.lib advapi32.lib shell32.lib ole32.lib oleaut32.lib uuid.lib odbc32.lib odbccp32.lib Ws2_32.lib WINMM.lib kernel32.lib user32.lib gdi32.lib winspool.lib comdlg32.lib advapi32.lib shell32.lib ole32.lib oleaut32.lib uuid.lib odbc32.lib odbccp32.lib /MANIFEST /ManifestFile:"Debug\oscpack_1_0_2\oscpack_1_0_2.dll.intermediate.manifest" /MANIFESTUAC:"level='asInvoker' uiAccess='false'" /DEBUG /PDB:"C:\UDK\UDK-2012-10\Binaries\Win32\UserCode\oscpack_1_0_2.pdb" /SUBSYSTEM:WINDOWS /TLBID:1 /DYNAMICBASE /NXCOMPAT /IMPLIB:"..\..\..\..\..\..\UDK\UDK-2012-10\Binaries\Win32\UserCode\oscpack_1_0_2.lib" /MACHINE:X86 /DLL Debug\oscpack_1_0_2\oscpack_1_0_2.dll.embed.manifest.res
         Debug\oscpack_1_0_2\stdafx.obj
         Debug\oscpack_1_0_2\IpEndpointName.obj
         Debug\oscpack_1_0_2\NetworkingUtils.obj
         Debug\oscpack_1_0_2\UdpSocket.obj
         Debug\oscpack_1_0_2\osc.obj
         Debug\oscpack_1_0_2\OscOutboundPacketStream.obj
         Debug\oscpack_1_0_2\OscPrintReceivedElements.obj
         Debug\oscpack_1_0_2\OscReceivedElements.obj
         Debug\oscpack_1_0_2\OscTypes.obj
            Creating library ..\..\..\..\..\..\UDK\UDK-2012-10\Binaries\Win32\UserCode\oscpack_1_0_2.lib and object ..\..\..\..\..\..\UDK\UDK-2012-10\Binaries\Win32\UserCode\oscpack_1_0_2.exp
       Manifest:
         C:\Program Files\Microsoft SDKs\Windows\v7.0A\bin\mt.exe /nologo /verbose /out:"Debug\oscpack_1_0_2\oscpack_1_0_2.dll.embed.manifest" /manifest Debug\oscpack_1_0_2\oscpack_1_0_2.dll.intermediate.manifest
         All outputs are up-to-date.
       LinkEmbedManifest:
         C:\Program Files\Microsoft Visual Studio 10.0\VC\bin\link.exe /ERRORREPORT:PROMPT /OUT:"..\..\..\..\..\..\UDK\UDK-2012-10\Binaries\Win32\UserCode\oscpack_1_0_2.dll" /INCREMENTAL /NOLOGO kernel32.lib user32.lib gdi32.lib winspool.lib comdlg32.lib advapi32.lib shell32.lib ole32.lib oleaut32.lib uuid.lib odbc32.lib odbccp32.lib Ws2_32.lib WINMM.lib kernel32.lib user32.lib gdi32.lib winspool.lib comdlg32.lib advapi32.lib shell32.lib ole32.lib oleaut32.lib uuid.lib odbc32.lib odbccp32.lib /MANIFEST /ManifestFile:"Debug\oscpack_1_0_2\oscpack_1_0_2.dll.intermediate.manifest" /MANIFESTUAC:"level='asInvoker' uiAccess='false'" /DEBUG /PDB:"C:\UDK\UDK-2012-10\Binaries\Win32\UserCode\oscpack_1_0_2.pdb" /SUBSYSTEM:WINDOWS /TLBID:1 /DYNAMICBASE /NXCOMPAT /IMPLIB:"..\..\..\..\..\..\UDK\UDK-2012-10\Binaries\Win32\UserCode\oscpack_1_0_2.lib" /MACHINE:X86 /DLL Debug\oscpack_1_0_2\oscpack_1_0_2.dll.embed.manifest.res
         Debug\oscpack_1_0_2\stdafx.obj
         Debug\oscpack_1_0_2\IpEndpointName.obj
         Debug\oscpack_1_0_2\NetworkingUtils.obj
         Debug\oscpack_1_0_2\UdpSocket.obj
         Debug\oscpack_1_0_2\osc.obj
         Debug\oscpack_1_0_2\OscOutboundPacketStream.obj
         Debug\oscpack_1_0_2\OscPrintReceivedElements.obj
         Debug\oscpack_1_0_2\OscReceivedElements.obj
         Debug\oscpack_1_0_2\OscTypes.obj
         oscpack_1_0_2.vcxproj -> C:\Users\Rob\data\github\udkosc\oscpack_1_0_2\..\..\..\..\..\..\UDK\UDK-2012-10\Binaries\Win32\UserCode\oscpack_1_0_2.dll
       FinalizeBuildStatus:
         Deleting file "Debug\oscpack_1_0_2\oscpack_1_0_2.unsuccessfulbuild".
         Touching "Debug\oscpack_1_0_2\oscpack_1_0_2.lastbuildstate".
     1>Done Building Project "C:\Users\Rob\data\github\udkosc\oscpack_1_0_2\oscpack_1_0_2.vcxproj" (build target(s)).

Build succeeded.

Time Elapsed 00:00:04.72
