Build started 9/11/2013 5:23:16 PM.
     1>Project "G:\git\udkosc\oscpack_1_0_2\oscpack_1_0_2.vcxproj" on node 2 (build target(s)).
     1>InitializeBuildStatus:
         Creating "Release\oscpack_1_0_2.unsuccessfulbuild" because "AlwaysCreate" was specified.
       ClCompile:
         D:\Applications\Microsoft Visual Studio 10.0\VC\bin\CL.exe /c /Zi /nologo /W3 /WX- /O2 /Oy- /D WIN32 /D NDEBUG /D _WINDOWS /D _USRDLL /D OSCPACK_1_0_2_EXPORTS /D _WINDLL /D _UNICODE /D UNICODE /Gm- /EHsc /MD /Zp4 /GS /fp:precise /Zc:wchar_t /Zc:forScope /Fo"Release\\" /Fd"Release\vc100.pdb" /Gd /TP /analyze- /errorReport:prompt oscpack\osc.cpp
         osc.cpp
     1>oscpack\osc.cpp(78): warning C4305: 'initializing' : truncation from 'double' to 'float'
     1>oscpack\osc.cpp(84): warning C4305: 'initializing' : truncation from 'double' to 'float'
     1>oscpack\osc.cpp(229): warning C4244: '=' : conversion from 'int' to 'float', possible loss of data
     1>oscpack\osc.cpp(237): warning C4244: '=' : conversion from 'int' to 'float', possible loss of data
     1>oscpack\osc.cpp(246): warning C4244: '=' : conversion from 'float' to 'int', possible loss of data
     1>oscpack\osc.cpp(337): warning C4244: '=' : conversion from 'int' to 'float', possible loss of data
     1>oscpack\osc.cpp(346): warning C4244: '=' : conversion from 'float' to 'int', possible loss of data
     1>oscpack\osc.cpp(347): warning C4244: '=' : conversion from 'float' to 'int', possible loss of data
     1>oscpack\osc.cpp(389): warning C4244: '=' : conversion from 'int' to 'float', possible loss of data
     1>oscpack\osc.cpp(397): warning C4244: '=' : conversion from 'int' to 'float', possible loss of data
     1>oscpack\osc.cpp(406): warning C4244: '=' : conversion from 'float' to 'int', possible loss of data
     1>oscpack\osc.cpp(455): warning C4244: '=' : conversion from 'int' to 'float', possible loss of data
     1>oscpack\osc.cpp(752): warning C4101: 'tempStruct' : unreferenced local variable
     1>oscpack\osc.cpp(776): warning C4101: 'tempStruct' : unreferenced local variable
     1>oscpack\osc.cpp(1273): warning C4800: 'const wchar_t *' : forcing value to bool 'true' or 'false' (performance warning)
     1>oscpack\osc.cpp(1383): warning C4172: returning address of local variable or temporary
     1>g:\git\udkosc\oscpack_1_0_2\oscpack\osc.cpp(466): warning C4700: uninitialized local variable 'a3' used
     1>g:\git\udkosc\oscpack_1_0_2\oscpack\osc.cpp(467): warning C4700: uninitialized local variable 'a4' used
     1>g:\git\udkosc\oscpack_1_0_2\oscpack\osc.cpp(468): warning C4700: uninitialized local variable 'a5' used
     1>g:\git\udkosc\oscpack_1_0_2\oscpack\osc.cpp(469): warning C4700: uninitialized local variable 'a6' used
     1>g:\git\udkosc\oscpack_1_0_2\oscpack\osc.cpp(470): warning C4700: uninitialized local variable 'a7' used
     1>g:\git\udkosc\oscpack_1_0_2\oscpack\osc.cpp(512): warning C4700: uninitialized local variable 'a3' used
       ManifestResourceCompile:
         All outputs are up-to-date.
       Link:
         D:\Applications\Microsoft Visual Studio 10.0\VC\bin\link.exe /ERRORREPORT:PROMPT /OUT:"G:\git\udkosc\oscpack_1_0_2\Release\oscpack_1_0_2.dll" /INCREMENTAL /NOLOGO kernel32.lib user32.lib gdi32.lib winspool.lib comdlg32.lib advapi32.lib shell32.lib ole32.lib oleaut32.lib uuid.lib odbc32.lib odbccp32.lib Ws2_32.lib WINMM.lib kernel32.lib user32.lib gdi32.lib winspool.lib comdlg32.lib advapi32.lib shell32.lib ole32.lib oleaut32.lib uuid.lib odbc32.lib odbccp32.lib /MANIFEST /ManifestFile:"Release\oscpack_1_0_2.dll.intermediate.manifest" /MANIFESTUAC:"level='asInvoker' uiAccess='false'" /DEBUG /PDB:"G:\git\udkosc\oscpack_1_0_2\Release\oscpack_1_0_2.pdb" /SUBSYSTEM:WINDOWS /OPT:REF /OPT:ICF /TLBID:1 /DYNAMICBASE /NXCOMPAT /IMPLIB:"G:\git\udkosc\oscpack_1_0_2\Release\oscpack_1_0_2.lib" /MACHINE:X86 /DLL Release\oscpack_1_0_2.dll.embed.manifest.res
         Release\stdafx.obj
         Release\IpEndpointName.obj
         Release\NetworkingUtils.obj
         Release\UdpSocket.obj
         Release\osc.obj
         Release\OscOutboundPacketStream.obj
         Release\OscPrintReceivedElements.obj
         Release\OscReceivedElements.obj
         Release\OscTypes.obj
     1>LINK : warning LNK4075: ignoring '/INCREMENTAL' due to '/OPT:ICF' specification
            Creating library G:\git\udkosc\oscpack_1_0_2\Release\oscpack_1_0_2.lib and object G:\git\udkosc\oscpack_1_0_2\Release\oscpack_1_0_2.exp
       Manifest:
         C:\Program Files (x86)\Microsoft SDKs\Windows\v7.0A\bin\mt.exe /nologo /verbose /out:"Release\oscpack_1_0_2.dll.embed.manifest" /manifest Release\oscpack_1_0_2.dll.intermediate.manifest
         All outputs are up-to-date.
       LinkEmbedManifest:
         All outputs are up-to-date.
         oscpack_1_0_2.vcxproj -> G:\git\udkosc\oscpack_1_0_2\Release\oscpack_1_0_2.dll
       FinalizeBuildStatus:
         Deleting file "Release\oscpack_1_0_2.unsuccessfulbuild".
         Touching "Release\oscpack_1_0_2.lastbuildstate".
     1>Done Building Project "G:\git\udkosc\oscpack_1_0_2\oscpack_1_0_2.vcxproj" (build target(s)).

Build succeeded.

Time Elapsed 00:00:03.13
