c:\git\udkosc\oscpack_1_0_2\release\vc120.pdb
c:\git\udkosc\oscpack_1_0_2\release\osctypes.obj
c:\git\udkosc\oscpack_1_0_2\release\oscreceivedelements.obj
c:\git\udkosc\oscpack_1_0_2\release\oscprintreceivedelements.obj
c:\git\udkosc\oscpack_1_0_2\release\oscoutboundpacketstream.obj
c:\git\udkosc\oscpack_1_0_2\release\osc.obj
c:\git\udkosc\oscpack_1_0_2\release\udpsocket.obj
c:\git\udkosc\oscpack_1_0_2\release\networkingutils.obj
c:\git\udkosc\oscpack_1_0_2\release\ipendpointname.obj
c:\git\udkosc\oscpack_1_0_2\release\stdafx.obj
c:\git\udkosc\oscpack_1_0_2\release\oscpack_1_0_2.dll
c:\git\udkosc\oscpack_1_0_2\release\oscpack_1_0_2.pdb
c:\git\udkosc\oscpack_1_0_2\release\oscpack_1_0_2.lib
c:\git\udkosc\oscpack_1_0_2\release\oscpack_1_0_2.exp
c:\git\udkosc\oscpack_1_0_2\release\oscpack_1_0_2.tlog\cl.command.1.tlog
c:\git\udkosc\oscpack_1_0_2\release\oscpack_1_0_2.tlog\cl.read.1.tlog
c:\git\udkosc\oscpack_1_0_2\release\oscpack_1_0_2.tlog\cl.write.1.tlog
c:\git\udkosc\oscpack_1_0_2\release\oscpack_1_0_2.tlog\link.command.1.tlog
c:\git\udkosc\oscpack_1_0_2\release\oscpack_1_0_2.tlog\link.read.1.tlog
c:\git\udkosc\oscpack_1_0_2\release\oscpack_1_0_2.tlog\link.write.1.tlog
c:\git\udkosc\oscpack_1_0_2\release\oscpack_1_0_2.tlog\oscpack_1_0_2.write.1u.tlog
